TN:
SF:/home/nikitich/develop/theRoom/2021/theroom.sdk/src/lib/api.ts
FN:25,loggedIn
FN:42,getQueryString
FN:44,(anonymous_9)
FN:57,setAuth
FN:63,getHeaders
FN:76,clearHeaders
FN:82,success
FN:104,post
FN:114,(anonymous_16)
FN:115,(anonymous_17)
FN:119,(anonymous_18)
FN:136,get
FN:147,(anonymous_21)
FN:148,(anonymous_22)
FN:152,(anonymous_23)
FN:166,login
FN:196,logout
FN:202,(anonymous_27)
FN:213,(anonymous_28)
FN:213,(anonymous_29)
FN:214,(anonymous_30)
FN:214,(anonymous_31)
FN:214,(anonymous_32)
FN:215,(anonymous_33)
FN:215,(anonymous_34)
FN:215,(anonymous_35)
FN:216,(anonymous_36)
FN:216,(anonymous_37)
FN:217,(anonymous_38)
FN:217,(anonymous_39)
FN:217,(anonymous_40)
FN:218,(anonymous_41)
FN:218,(anonymous_42)
FN:218,(anonymous_43)
FNF:34
FNH:8
FNDA:1,loggedIn
FNDA:0,getQueryString
FNDA:0,(anonymous_9)
FNDA:0,setAuth
FNDA:1,getHeaders
FNDA:0,clearHeaders
FNDA:0,success
FNDA:1,post
FNDA:1,(anonymous_16)
FNDA:0,(anonymous_17)
FNDA:1,(anonymous_18)
FNDA:1,get
FNDA:0,(anonymous_21)
FNDA:0,(anonymous_22)
FNDA:0,(anonymous_23)
FNDA:1,login
FNDA:1,logout
FNDA:0,(anonymous_27)
FNDA:0,(anonymous_28)
FNDA:0,(anonymous_29)
FNDA:0,(anonymous_30)
FNDA:0,(anonymous_31)
FNDA:0,(anonymous_32)
FNDA:0,(anonymous_33)
FNDA:0,(anonymous_34)
FNDA:0,(anonymous_35)
FNDA:0,(anonymous_36)
FNDA:0,(anonymous_37)
FNDA:0,(anonymous_38)
FNDA:0,(anonymous_39)
FNDA:0,(anonymous_40)
FNDA:0,(anonymous_41)
FNDA:0,(anonymous_42)
FNDA:0,(anonymous_43)
DA:1,1
DA:2,1
DA:3,1
DA:17,1
DA:25,1
DA:26,1
DA:30,1
DA:31,1
DA:37,1
DA:42,1
DA:43,0
DA:44,0
DA:45,0
DA:48,0
DA:53,1
DA:54,1
DA:57,1
DA:58,0
DA:59,0
DA:63,1
DA:64,1
DA:65,0
DA:70,0
DA:72,0
DA:76,1
DA:77,0
DA:78,0
DA:82,1
DA:83,0
DA:104,1
DA:110,1
DA:111,1
DA:112,1
DA:113,1
DA:114,1
DA:115,1
DA:116,0
DA:117,0
DA:118,0
DA:119,1
DA:121,0
DA:122,0
DA:124,1
DA:125,1
DA:136,1
DA:142,1
DA:143,1
DA:144,1
DA:145,0
DA:146,0
DA:147,0
DA:148,0
DA:149,0
DA:150,0
DA:151,0
DA:152,0
DA:154,0
DA:155,0
DA:157,1
DA:166,1
DA:170,1
DA:171,1
DA:172,0
DA:173,0
DA:174,0
DA:176,0
DA:179,1
DA:180,1
DA:181,0
DA:187,0
DA:188,0
DA:189,0
DA:191,1
DA:196,1
DA:197,1
DA:198,1
DA:199,1
DA:201,0
DA:202,0
DA:203,0
DA:204,0
DA:209,1
DA:212,1
DA:213,0
DA:214,0
DA:215,0
DA:216,0
DA:217,0
DA:218,0
LF:89
LH:44
BRDA:38,0,0,1
BRDA:38,0,1,0
BRDA:43,1,0,0
BRDA:43,1,1,0
BRDA:43,2,0,0
BRDA:43,2,1,0
BRDA:43,2,2,0
BRDA:46,3,0,0
BRDA:46,3,1,0
BRDA:63,4,0,0
BRDA:64,5,0,1
BRDA:64,5,1,0
BRDA:65,6,0,0
BRDA:65,6,1,0
BRDA:66,7,0,0
BRDA:66,7,1,0
BRDA:66,7,2,0
BRDA:66,7,3,0
BRDA:92,8,0,0
BRDA:92,8,1,0
BRDA:85,9,0,0
BRDA:85,9,1,0
BRDA:85,9,2,0
BRDA:85,9,3,0
BRDA:85,9,4,0
BRDA:85,9,5,0
BRDA:85,9,6,0
BRDA:85,9,7,0
BRDA:85,9,8,0
BRDA:85,9,9,0
BRDA:107,10,0,0
BRDA:112,11,0,0
BRDA:112,11,1,1
BRDA:112,12,0,1
BRDA:112,12,1,0
BRDA:116,13,0,0
BRDA:116,13,1,0
BRDA:117,14,0,0
BRDA:117,14,1,0
BRDA:139,15,0,0
BRDA:144,16,0,1
BRDA:144,16,1,0
BRDA:144,17,0,1
BRDA:144,17,1,1
BRDA:149,18,0,0
BRDA:149,18,1,0
BRDA:150,19,0,0
BRDA:150,19,1,0
BRDA:166,20,0,1
BRDA:171,21,0,0
BRDA:171,21,1,1
BRDA:173,22,0,0
BRDA:173,22,1,0
BRDA:180,23,0,0
BRDA:180,23,1,1
BRDA:180,24,0,1
BRDA:180,24,1,0
BRDA:180,24,2,0
BRDA:197,25,0,1
BRDA:197,25,1,0
BRDA:213,26,0,0
BRDA:216,27,0,0
BRF:62
BRH:12
end_of_record
TN:
SF:/home/nikitich/develop/theRoom/2021/theroom.sdk/src/lib/driver.ts
FN:79,useLog
FN:100,connect
FN:104,(anonymous_10)
FN:111,(anonymous_11)
FN:112,(anonymous_12)
FN:117,(anonymous_13)
FN:119,(anonymous_14)
FN:130,(anonymous_15)
FN:142,disconnect
FN:146,(anonymous_17)
FN:156,setupMethodCache
FN:177,asyncCall
FN:181,(anonymous_20)
FN:185,(anonymous_21)
FN:200,callMethod
FN:211,cacheCall
FN:213,(anonymous_24)
FN:217,(anonymous_25)
FN:229,login
FN:250,(anonymous_27)
FN:254,(anonymous_28)
FN:261,logout
FN:263,(anonymous_30)
FN:274,subscribe
FN:278,(anonymous_32)
FN:283,(anonymous_33)
FN:291,unsubscribe
FN:301,unsubscribeAll
FN:302,(anonymous_36)
FN:309,subscribeToMessages
FN:311,(anonymous_38)
FN:340,reactToMessages
FN:343,(anonymous_40)
FN:369,respondToMessages
FN:386,(anonymous_42)
FN:392,(anonymous_43)
FN:392,(anonymous_44)
FN:438,getRoomId
FN:443,getRoomName
FN:452,getDirectMessageRoomId
FN:454,(anonymous_48)
FN:458,joinRoom
FN:470,leaveRoom
FN:482,joinRooms
FN:483,(anonymous_54)
FN:490,prepareMessage
FN:503,sendMessage
FN:516,sendToRoomId
FN:523,(anonymous_58)
FN:534,sendToRoom
FN:539,(anonymous_60)
FN:547,sendDirectToUser
FN:552,(anonymous_62)
FN:559,editMessage
FN:568,setReaction
FN:573,execSlashCommand
FNF:56
FNH:4
FNDA:0,useLog
FNDA:1,connect
FNDA:1,(anonymous_10)
FNDA:0,(anonymous_11)
FNDA:0,(anonymous_12)
FNDA:0,(anonymous_13)
FNDA:0,(anonymous_14)
FNDA:0,(anonymous_15)
FNDA:0,disconnect
FNDA:0,(anonymous_17)
FNDA:1,setupMethodCache
FNDA:0,asyncCall
FNDA:0,(anonymous_20)
FNDA:0,(anonymous_21)
FNDA:0,callMethod
FNDA:0,cacheCall
FNDA:0,(anonymous_24)
FNDA:0,(anonymous_25)
FNDA:0,login
FNDA:0,(anonymous_27)
FNDA:0,(anonymous_28)
FNDA:1,logout
FNDA:0,(anonymous_30)
FNDA:0,subscribe
FNDA:0,(anonymous_32)
FNDA:0,(anonymous_33)
FNDA:0,unsubscribe
FNDA:0,unsubscribeAll
FNDA:0,(anonymous_36)
FNDA:0,subscribeToMessages
FNDA:0,(anonymous_38)
FNDA:0,reactToMessages
FNDA:0,(anonymous_40)
FNDA:0,respondToMessages
FNDA:0,(anonymous_42)
FNDA:0,(anonymous_43)
FNDA:0,(anonymous_44)
FNDA:0,getRoomId
FNDA:0,getRoomName
FNDA:0,getDirectMessageRoomId
FNDA:0,(anonymous_48)
FNDA:0,joinRoom
FNDA:0,leaveRoom
FNDA:0,joinRooms
FNDA:0,(anonymous_54)
FNDA:0,prepareMessage
FNDA:0,sendMessage
FNDA:0,sendToRoomId
FNDA:0,(anonymous_58)
FNDA:0,sendToRoom
FNDA:0,(anonymous_60)
FNDA:0,sendDirectToUser
FNDA:0,(anonymous_62)
FNDA:0,editMessage
FNDA:0,setReaction
FNDA:0,execSlashCommand
DA:1,1
DA:2,1
DA:3,1
DA:4,1
DA:5,1
DA:20,1
DA:24,1
DA:25,1
DA:38,1
DA:47,1
DA:59,1
DA:69,1
DA:79,1
DA:80,0
DA:100,1
DA:104,1
DA:105,1
DA:106,1
DA:107,1
DA:108,1
DA:110,1
DA:111,1
DA:112,0
DA:115,0
DA:117,1
DA:118,1
DA:119,1
DA:120,0
DA:121,0
DA:122,0
DA:123,0
DA:124,0
DA:129,1
DA:130,1
DA:131,0
DA:133,0
DA:134,0
DA:135,0
DA:142,1
DA:143,0
DA:144,0
DA:145,0
DA:146,0
DA:157,1
DA:158,1
DA:166,1
DA:177,1
DA:178,0
DA:179,0
DA:180,0
DA:182,0
DA:183,0
DA:186,0
DA:189,0
DA:200,1
DA:201,0
DA:211,1
DA:212,0
DA:214,0
DA:215,0
DA:218,0
DA:221,0
DA:229,1
DA:243,0
DA:244,0
DA:249,0
DA:251,0
DA:252,0
DA:255,0
DA:256,0
DA:261,1
DA:262,1
DA:264,0
DA:265,0
DA:274,1
DA:278,0
DA:279,0
DA:280,0
DA:281,0
DA:282,0
DA:284,0
DA:285,0
DA:291,1
DA:292,0
DA:293,0
DA:294,0
DA:296,0
DA:297,0
DA:301,1
DA:302,0
DA:309,1
DA:310,0
DA:312,0
DA:313,0
DA:340,1
DA:341,0
DA:343,0
DA:344,0
DA:345,0
DA:346,0
DA:347,0
DA:348,0
DA:349,0
DA:350,0
DA:352,0
DA:355,0
DA:369,1
DA:373,0
DA:375,0
DA:379,0
DA:385,0
DA:387,0
DA:391,0
DA:392,0
DA:393,0
DA:394,0
DA:395,0
DA:399,0
DA:402,0
DA:403,0
DA:406,0
DA:407,0
DA:410,0
DA:413,0
DA:416,0
DA:419,0
DA:422,0
DA:425,0
DA:426,0
DA:429,0
DA:431,0
DA:438,1
DA:439,0
DA:443,1
DA:444,0
DA:452,1
DA:453,0
DA:454,0
DA:458,1
DA:459,0
DA:460,0
DA:461,0
DA:462,0
DA:464,0
DA:465,0
DA:470,1
DA:471,0
DA:472,0
DA:473,0
DA:474,0
DA:476,0
DA:477,0
DA:482,1
DA:483,0
DA:490,1
DA:494,0
DA:495,0
DA:496,0
DA:503,1
DA:504,0
DA:516,1
DA:520,0
DA:521,0
DA:523,0
DA:524,0
DA:534,1
DA:538,0
DA:539,0
DA:547,1
DA:551,0
DA:552,0
DA:559,1
DA:560,0
DA:568,1
DA:569,0
DA:573,1
DA:574,0
LF:177
LH:56
BRDA:101,0,0,1
BRDA:124,1,0,0
BRDA:124,1,1,0
BRDA:129,2,0,1
BRDA:129,2,1,0
BRDA:134,3,0,0
BRDA:134,3,1,0
BRDA:178,4,0,0
BRDA:178,4,1,0
BRDA:187,5,0,0
BRDA:187,5,1,0
BRDA:202,6,0,0
BRDA:202,6,1,0
BRDA:201,7,0,0
BRDA:201,7,1,0
BRDA:219,8,0,0
BRDA:219,8,1,0
BRDA:229,9,0,0
BRDA:245,10,0,0
BRDA:245,10,1,0
BRDA:293,11,0,0
BRDA:293,11,1,0
BRDA:345,12,0,0
BRDA:345,12,1,0
BRDA:345,13,0,0
BRDA:345,13,1,0
BRDA:347,14,0,0
BRDA:347,14,1,0
BRDA:348,15,0,0
BRDA:348,15,1,0
BRDA:371,16,0,0
BRDA:379,17,0,0
BRDA:379,17,1,0
BRDA:380,18,0,0
BRDA:380,18,1,0
BRDA:380,18,2,0
BRDA:380,18,3,0
BRDA:393,19,0,0
BRDA:393,19,1,0
BRDA:399,20,0,0
BRDA:399,20,1,0
BRDA:403,21,0,0
BRDA:403,21,1,0
BRDA:403,22,0,0
BRDA:403,22,1,0
BRDA:407,23,0,0
BRDA:407,23,1,0
BRDA:407,24,0,0
BRDA:407,24,1,0
BRDA:410,25,0,0
BRDA:410,25,1,0
BRDA:410,26,0,0
BRDA:410,26,1,0
BRDA:410,26,2,0
BRDA:416,27,0,0
BRDA:416,27,1,0
BRDA:416,28,0,0
BRDA:416,28,1,0
BRDA:419,29,0,0
BRDA:419,29,1,0
BRDA:422,30,0,0
BRDA:422,30,1,0
BRDA:461,31,0,0
BRDA:461,31,1,0
BRDA:473,32,0,0
BRDA:473,32,1,0
BRDA:495,33,0,0
BRDA:495,33,1,0
BRDA:520,34,0,0
BRDA:520,34,1,0
BRF:70
BRH:2
end_of_record
TN:
SF:/home/nikitich/develop/theRoom/2021/theroom.sdk/src/lib/log.ts
FN:5,(anonymous_0)
FN:8,(anonymous_1)
FN:11,(anonymous_2)
FN:14,(anonymous_3)
FN:17,(anonymous_4)
FN:24,replaceLog
FN:28,silence
FN:30,(anonymous_7)
FN:31,(anonymous_8)
FN:32,(anonymous_9)
FN:33,(anonymous_10)
FN:34,(anonymous_11)
FNF:12
FNH:5
FNDA:0,(anonymous_0)
FNDA:0,(anonymous_1)
FNDA:0,(anonymous_2)
FNDA:0,(anonymous_3)
FNDA:0,(anonymous_4)
FNDA:2,replaceLog
FNDA:2,silence
FNDA:26,(anonymous_7)
FNDA:2,(anonymous_8)
FNDA:0,(anonymous_9)
FNDA:0,(anonymous_10)
FNDA:2,(anonymous_11)
DA:6,0
DA:9,0
DA:12,0
DA:15,0
DA:18,0
DA:22,1
DA:25,2
DA:29,2
DA:30,26
DA:31,2
DA:32,0
DA:33,0
DA:34,2
DA:39,1
DA:40,1
DA:41,1
LF:16
LH:9
BRF:0
BRH:0
end_of_record
TN:
SF:/home/nikitich/develop/theRoom/2021/theroom.sdk/src/lib/message.ts
FN:14,(anonymous_0)
FN:19,(anonymous_1)
FNF:2
FNH:2
FNDA:6,(anonymous_0)
FNDA:3,(anonymous_1)
DA:13,1
DA:15,6
DA:16,2
DA:17,6
DA:20,3
DA:21,3
LF:6
LH:6
BRDA:15,0,0,4
BRDA:15,0,1,2
BRF:2
BRH:2
end_of_record
TN:
SF:/home/nikitich/develop/theRoom/2021/theroom.sdk/src/lib/methodCache.ts
FN:16,use
FN:26,create
FN:37,call
FN:60,has
FN:69,get
FN:78,reset
FN:88,resetAll
FN:89,(anonymous_8)
FNF:8
FNH:8
FNDA:17,use
FNDA:10,create
FNDA:23,call
FNDA:3,has
FNDA:4,get
FNDA:3,reset
FNDA:20,resetAll
FNDA:126,(anonymous_8)
DA:1,1
DA:2,1
DA:6,1
DA:7,1
DA:16,1
DA:17,17
DA:26,1
DA:27,10
DA:28,10
DA:29,10
DA:37,1
DA:38,23
DA:39,23
DA:42,23
DA:43,2
DA:45,2
DA:48,21
DA:49,21
DA:50,19
DA:52,21
DA:60,1
DA:61,3
DA:69,1
DA:70,4
DA:78,1
DA:79,3
DA:80,3
DA:81,1
DA:88,1
DA:89,126
LF:30
LH:30
BRDA:26,0,0,5
BRDA:38,1,0,3
BRDA:38,1,1,20
BRDA:42,2,0,2
BRDA:42,2,1,21
BRDA:70,3,0,4
BRDA:70,3,1,0
BRDA:79,4,0,3
BRDA:79,4,1,0
BRDA:80,5,0,2
BRDA:80,5,1,1
BRF:11
BRH:9
end_of_record
TN:
SF:/home/nikitich/develop/theRoom/2021/theroom.sdk/src/lib/settings.ts
FN:16,(anonymous_0)
FNF:1
FNH:1
FNDA:3,(anonymous_0)
DA:3,9
DA:4,9
DA:5,9
DA:8,9
DA:9,9
DA:12,9
DA:15,9
DA:16,3
DA:18,9
DA:19,9
DA:20,9
DA:21,9
DA:24,9
DA:27,9
DA:28,9
DA:29,9
DA:30,9
LF:17
LH:17
BRDA:3,0,0,9
BRDA:3,0,1,9
BRDA:4,1,0,9
BRDA:4,1,1,9
BRDA:8,2,0,9
BRDA:8,2,1,6
BRDA:10,3,0,2
BRDA:10,3,1,7
BRDA:10,4,0,2
BRDA:10,4,1,0
BRDA:11,5,0,7
BRDA:11,5,1,5
BRDA:16,6,0,2
BRDA:16,6,1,7
BRDA:16,7,0,2
BRDA:16,7,1,0
BRDA:18,8,0,9
BRDA:18,8,1,8
BRDA:19,9,0,9
BRDA:19,9,1,8
BRDA:20,10,0,9
BRDA:20,10,1,8
BRDA:21,11,0,9
BRDA:21,11,1,8
BRDA:24,12,0,9
BRDA:24,12,1,9
BRDA:27,13,0,9
BRDA:27,13,1,9
BRDA:28,14,0,9
BRDA:28,14,1,9
BRDA:29,15,0,9
BRDA:29,15,1,9
BRDA:30,16,0,9
BRDA:30,16,1,9
BRF:34
BRH:32
end_of_record
